[debug] [2021-06-12T16:08:16.599Z] ----------------------------------------------------------------------
[debug] [2021-06-12T16:08:16.603Z] Command:       /usr/local/bin/node /usr/local/bin/firebase init
[debug] [2021-06-12T16:08:16.603Z] CLI Version:   9.10.2
[debug] [2021-06-12T16:08:16.604Z] Platform:      linux
[debug] [2021-06-12T16:08:16.604Z] Node Version:  v14.16.0
[debug] [2021-06-12T16:08:16.605Z] Time:          Sat Jun 12 2021 21:38:16 GMT+0530 (India Standard Time)
[debug] [2021-06-12T16:08:16.605Z] ----------------------------------------------------------------------
[debug] 
[debug] [2021-06-12T16:08:16.615Z] > command requires scopes: ["email","openid","https://www.googleapis.com/auth/cloudplatformprojects.readonly","https://www.googleapis.com/auth/firebase","https://www.googleapis.com/auth/cloud-platform"]
[debug] [2021-06-12T16:08:16.615Z] > authorizing via signed-in user (jangadaprashant@gmail.com)
[info] 
     ######## #### ########  ######## ########     ###     ######  ########
     ##        ##  ##     ## ##       ##     ##  ##   ##  ##       ##
     ######    ##  ########  ######   ########  #########  ######  ######
     ##        ##  ##    ##  ##       ##     ## ##     ##       ## ##
     ##       #### ##     ## ######## ########  ##     ##  ######  ########

You're about to initialize a Firebase project in this directory:

  /home/prashant/Documents/Github/PacifoTask/react-portfolio

Before we get started, keep in mind:

  * You are initializing in an existing Firebase project directory

[info] 
=== Project Setup
[info] 
[info] First, let's associate this project directory with a Firebase project.
[info] You can create multiple project aliases by running firebase use --add, 
[info] but for now we'll just set up a default project.
[info] 
[info] i  .firebaserc already has a default project, using portfolio-dcd15. 
[debug] [2021-06-12T16:08:20.886Z] >>> [apiv2][query] GET https://firebase.googleapis.com/v1beta1/projects/portfolio-dcd15 [none]
[debug] [2021-06-12T16:08:37.135Z] ----------------------------------------------------------------------
[debug] [2021-06-12T16:08:37.138Z] Command:       /usr/local/bin/node /usr/local/bin/firebase deploy
[debug] [2021-06-12T16:08:37.139Z] CLI Version:   9.10.2
[debug] [2021-06-12T16:08:37.139Z] Platform:      linux
[debug] [2021-06-12T16:08:37.139Z] Node Version:  v14.16.0
[debug] [2021-06-12T16:08:37.139Z] Time:          Sat Jun 12 2021 21:38:37 GMT+0530 (India Standard Time)
[debug] [2021-06-12T16:08:37.140Z] ----------------------------------------------------------------------
[debug] 
[debug] [2021-06-12T16:08:37.149Z] > command requires scopes: ["email","openid","https://www.googleapis.com/auth/cloudplatformprojects.readonly","https://www.googleapis.com/auth/firebase","https://www.googleapis.com/auth/cloud-platform"]
[debug] [2021-06-12T16:08:37.149Z] > authorizing via signed-in user (jangadaprashant@gmail.com)
[debug] [2021-06-12T16:08:37.149Z] [iam] checking project portfolio-dcd15 for permissions ["firebase.projects.get","firebasehosting.sites.update"]
[debug] [2021-06-12T16:08:37.152Z] > refreshing access token with scopes: ["email","https://www.googleapis.com/auth/cloud-platform","https://www.googleapis.com/auth/cloudplatformprojects.readonly","https://www.googleapis.com/auth/firebase","openid"]
[debug] [2021-06-12T16:08:37.153Z] >>> HTTP REQUEST POST https://www.googleapis.com/oauth2/v3/token  
 <request body omitted>
[debug] [2021-06-12T16:08:47.208Z] [iam] error while checking permissions, command may fail: FirebaseError: Authentication Error: Your credentials are no longer valid. Please run firebase login --reauth

For CI servers and headless environments, generate a new token with firebase login:ci
[debug] [2021-06-12T16:08:47.213Z] >>> [apiv2][query] GET https://firebase.googleapis.com/v1beta1/projects/portfolio-dcd15 [none]
[debug] [2021-06-12T16:08:57.227Z] Failed to make request to https://firebase.googleapis.com/v1beta1/projects/portfolio-dcd15
[debug] [2021-06-12T16:11:07.409Z] FirebaseError: Failed to make request to https://firebase.googleapis.com/v1beta1/projects/portfolio-dcd15
    at Client.doRequest (/usr/local/share/.config/yarn/global/node_modules/firebase-tools/lib/apiv2.js:211:19)
    at processTicksAndRejections (internal/process/task_queues.js:93:5)
    at async Client.request (/usr/local/share/.config/yarn/global/node_modules/firebase-tools/lib/apiv2.js:96:20)
    at async Object.getFirebaseProject (/usr/local/share/.config/yarn/global/node_modules/firebase-tools/lib/management/projects.js:290:21)
    at async Object.getDefaultHostingSite (/usr/local/share/.config/yarn/global/node_modules/firebase-tools/lib/getDefaultHostingSite.js:8:21)
    at async requireHostingSite (/usr/local/share/.config/yarn/global/node_modules/firebase-tools/lib/requireHostingSite.js:9:18)
    at async Object.fn (/usr/local/share/.config/yarn/global/node_modules/firebase-tools/lib/commands/deploy.js:66:9)
    at async /usr/local/share/.config/yarn/global/node_modules/firebase-tools/lib/command.js:169:17
[error] 
[error] Error: Failed to get Firebase project portfolio-dcd15. Please make sure the project exists and your account has permission to access it.
